[0.185s] DEBUG:colcon:Command line arguments: ['/usr/bin/colcon', 'build']
[0.185s] DEBUG:colcon:Parsed command line arguments: Namespace(log_base=None, log_level=None, verb_name='build', build_base='build', install_base='install', merge_install=False, symlink_install=False, test_result_base=None, continue_on_error=False, executor='parallel', parallel_workers=2, event_handlers=None, ignore_user_meta=False, metas=['./colcon.meta'], base_paths=['.'], packages_ignore=None, packages_ignore_regex=None, paths=None, packages_up_to=None, packages_up_to_regex=None, packages_above=None, packages_above_and_dependencies=None, packages_above_depth=None, packages_select_by_dep=None, packages_skip_by_dep=None, packages_skip_up_to=None, packages_select_build_failed=False, packages_skip_build_finished=False, packages_select_test_failures=False, packages_skip_test_passed=False, packages_select=None, packages_skip=None, packages_select_regex=None, packages_skip_regex=None, packages_start=None, packages_end=None, allow_overriding=[], cmake_args=None, cmake_target=None, cmake_target_skip_unavailable=False, cmake_clean_cache=False, cmake_clean_first=False, cmake_force_configure=False, ament_cmake_args=None, catkin_cmake_args=None, catkin_skip_building_tests=False, verb_parser=<colcon_defaults.argument_parser.defaults.DefaultArgumentsDecorator object at 0x7e3cc2f33e80>, verb_extension=<colcon_core.verb.build.BuildVerb object at 0x7e3cc2f33880>, main=<bound method BuildVerb.main of <colcon_core.verb.build.BuildVerb object at 0x7e3cc2f33880>>)
[0.444s] Level 1:colcon.colcon_core.package_discovery:discover_packages(colcon_meta) check parameters
[0.444s] Level 1:colcon.colcon_core.package_discovery:discover_packages(recursive) check parameters
[0.444s] Level 1:colcon.colcon_core.package_discovery:discover_packages(ignore) check parameters
[0.444s] Level 1:colcon.colcon_core.package_discovery:discover_packages(path) check parameters
[0.444s] Level 1:colcon.colcon_core.package_discovery:discover_packages(colcon_meta) discover
[0.444s] Level 1:colcon.colcon_core.package_discovery:discover_packages(recursive) discover
[0.444s] INFO:colcon.colcon_core.package_discovery:Crawling recursively for packages in '/home/ubuntu/ros2_px4_ws'
[0.444s] Level 1:colcon.colcon_core.package_identification:_identify(.) by extensions ['ignore', 'ignore_ament_install']
[0.445s] Level 1:colcon.colcon_core.package_identification:_identify(.) by extension 'ignore'
[0.445s] Level 1:colcon.colcon_core.package_identification:_identify(.) by extension 'ignore_ament_install'
[0.445s] Level 1:colcon.colcon_core.package_identification:_identify(.) by extensions ['colcon_pkg']
[0.445s] Level 1:colcon.colcon_core.package_identification:_identify(.) by extension 'colcon_pkg'
[0.445s] Level 1:colcon.colcon_core.package_identification:_identify(.) by extensions ['colcon_meta']
[0.445s] Level 1:colcon.colcon_core.package_identification:_identify(.) by extension 'colcon_meta'
[0.445s] Level 1:colcon.colcon_core.package_identification:_identify(.) by extensions ['ros']
[0.445s] Level 1:colcon.colcon_core.package_identification:_identify(.) by extension 'ros'
[0.468s] Level 1:colcon.colcon_core.package_identification:_identify(.) by extensions ['cmake', 'python']
[0.468s] Level 1:colcon.colcon_core.package_identification:_identify(.) by extension 'cmake'
[0.468s] Level 1:colcon.colcon_core.package_identification:_identify(.) by extension 'python'
[0.468s] Level 1:colcon.colcon_core.package_identification:_identify(.) by extensions ['python_setup_py']
[0.468s] Level 1:colcon.colcon_core.package_identification:_identify(.) by extension 'python_setup_py'
[0.468s] Level 1:colcon.colcon_core.package_identification:_identify(build) by extensions ['ignore', 'ignore_ament_install']
[0.468s] Level 1:colcon.colcon_core.package_identification:_identify(build) by extension 'ignore'
[0.468s] Level 1:colcon.colcon_core.package_identification:_identify(build) ignored
[0.469s] Level 1:colcon.colcon_core.package_identification:_identify(install) by extensions ['ignore', 'ignore_ament_install']
[0.469s] Level 1:colcon.colcon_core.package_identification:_identify(install) by extension 'ignore'
[0.469s] Level 1:colcon.colcon_core.package_identification:_identify(install) ignored
[0.469s] Level 1:colcon.colcon_core.package_identification:_identify(log) by extensions ['ignore', 'ignore_ament_install']
[0.469s] Level 1:colcon.colcon_core.package_identification:_identify(log) by extension 'ignore'
[0.469s] Level 1:colcon.colcon_core.package_identification:_identify(log) ignored
[0.470s] Level 1:colcon.colcon_core.package_identification:_identify(src) by extensions ['ignore', 'ignore_ament_install']
[0.470s] Level 1:colcon.colcon_core.package_identification:_identify(src) by extension 'ignore'
[0.470s] Level 1:colcon.colcon_core.package_identification:_identify(src) by extension 'ignore_ament_install'
[0.470s] Level 1:colcon.colcon_core.package_identification:_identify(src) by extensions ['colcon_pkg']
[0.470s] Level 1:colcon.colcon_core.package_identification:_identify(src) by extension 'colcon_pkg'
[0.470s] Level 1:colcon.colcon_core.package_identification:_identify(src) by extensions ['colcon_meta']
[0.470s] Level 1:colcon.colcon_core.package_identification:_identify(src) by extension 'colcon_meta'
[0.471s] Level 1:colcon.colcon_core.package_identification:_identify(src) by extensions ['ros']
[0.471s] Level 1:colcon.colcon_core.package_identification:_identify(src) by extension 'ros'
[0.471s] Level 1:colcon.colcon_core.package_identification:_identify(src) by extensions ['cmake', 'python']
[0.471s] Level 1:colcon.colcon_core.package_identification:_identify(src) by extension 'cmake'
[0.471s] Level 1:colcon.colcon_core.package_identification:_identify(src) by extension 'python'
[0.471s] Level 1:colcon.colcon_core.package_identification:_identify(src) by extensions ['python_setup_py']
[0.471s] Level 1:colcon.colcon_core.package_identification:_identify(src) by extension 'python_setup_py'
[0.471s] Level 1:colcon.colcon_core.package_identification:_identify(src/px4_msgs) by extensions ['ignore', 'ignore_ament_install']
[0.471s] Level 1:colcon.colcon_core.package_identification:_identify(src/px4_msgs) by extension 'ignore'
[0.471s] Level 1:colcon.colcon_core.package_identification:_identify(src/px4_msgs) by extension 'ignore_ament_install'
[0.471s] Level 1:colcon.colcon_core.package_identification:_identify(src/px4_msgs) by extensions ['colcon_pkg']
[0.471s] Level 1:colcon.colcon_core.package_identification:_identify(src/px4_msgs) by extension 'colcon_pkg'
[0.471s] Level 1:colcon.colcon_core.package_identification:_identify(src/px4_msgs) by extensions ['colcon_meta']
[0.471s] Level 1:colcon.colcon_core.package_identification:_identify(src/px4_msgs) by extension 'colcon_meta'
[0.471s] Level 1:colcon.colcon_core.package_identification:_identify(src/px4_msgs) by extensions ['ros']
[0.471s] Level 1:colcon.colcon_core.package_identification:_identify(src/px4_msgs) by extension 'ros'
[0.476s] DEBUG:colcon.colcon_core.package_identification:Package 'src/px4_msgs' with type 'ros.ament_cmake' and name 'px4_msgs'
[0.476s] Level 1:colcon.colcon_core.package_identification:_identify(src/px4_ros_com) by extensions ['ignore', 'ignore_ament_install']
[0.476s] Level 1:colcon.colcon_core.package_identification:_identify(src/px4_ros_com) by extension 'ignore'
[0.476s] Level 1:colcon.colcon_core.package_identification:_identify(src/px4_ros_com) by extension 'ignore_ament_install'
[0.476s] Level 1:colcon.colcon_core.package_identification:_identify(src/px4_ros_com) by extensions ['colcon_pkg']
[0.476s] Level 1:colcon.colcon_core.package_identification:_identify(src/px4_ros_com) by extension 'colcon_pkg'
[0.476s] Level 1:colcon.colcon_core.package_identification:_identify(src/px4_ros_com) by extensions ['colcon_meta']
[0.476s] Level 1:colcon.colcon_core.package_identification:_identify(src/px4_ros_com) by extension 'colcon_meta'
[0.476s] Level 1:colcon.colcon_core.package_identification:_identify(src/px4_ros_com) by extensions ['ros']
[0.476s] Level 1:colcon.colcon_core.package_identification:_identify(src/px4_ros_com) by extension 'ros'
[0.479s] DEBUG:colcon.colcon_core.package_identification:Package 'src/px4_ros_com' with type 'ros.ament_cmake' and name 'px4_ros_com'
[0.479s] Level 1:colcon.colcon_core.package_discovery:discover_packages(recursive) using defaults
[0.479s] Level 1:colcon.colcon_core.package_discovery:discover_packages(ignore) discover
[0.479s] Level 1:colcon.colcon_core.package_discovery:discover_packages(ignore) using defaults
[0.479s] Level 1:colcon.colcon_core.package_discovery:discover_packages(path) discover
[0.479s] Level 1:colcon.colcon_core.package_discovery:discover_packages(path) using defaults
[0.538s] Level 1:colcon.colcon_core.package_discovery:discover_packages(prefix_path) check parameters
[0.538s] Level 1:colcon.colcon_core.package_discovery:discover_packages(prefix_path) discover
[0.542s] DEBUG:colcon.colcon_installed_package_information.package_discovery:Found 271 installed packages in /opt/ros/humble
[0.545s] Level 1:colcon.colcon_core.package_discovery:discover_packages(prefix_path) using defaults
[0.627s] Level 5:colcon.colcon_core.verb:set package 'px4_msgs' build argument 'cmake_args' from command line to 'None'
[0.627s] Level 5:colcon.colcon_core.verb:set package 'px4_msgs' build argument 'cmake_target' from command line to 'None'
[0.627s] Level 5:colcon.colcon_core.verb:set package 'px4_msgs' build argument 'cmake_target_skip_unavailable' from command line to 'False'
[0.627s] Level 5:colcon.colcon_core.verb:set package 'px4_msgs' build argument 'cmake_clean_cache' from command line to 'False'
[0.627s] Level 5:colcon.colcon_core.verb:set package 'px4_msgs' build argument 'cmake_clean_first' from command line to 'False'
[0.627s] Level 5:colcon.colcon_core.verb:set package 'px4_msgs' build argument 'cmake_force_configure' from command line to 'False'
[0.627s] Level 5:colcon.colcon_core.verb:set package 'px4_msgs' build argument 'ament_cmake_args' from command line to 'None'
[0.627s] Level 5:colcon.colcon_core.verb:set package 'px4_msgs' build argument 'catkin_cmake_args' from command line to 'None'
[0.627s] Level 5:colcon.colcon_core.verb:set package 'px4_msgs' build argument 'catkin_skip_building_tests' from command line to 'False'
[0.627s] DEBUG:colcon.colcon_core.verb:Building package 'px4_msgs' with the following arguments: {'ament_cmake_args': None, 'build_base': '/home/ubuntu/ros2_px4_ws/build/px4_msgs', 'catkin_cmake_args': None, 'catkin_skip_building_tests': False, 'cmake_args': None, 'cmake_clean_cache': False, 'cmake_clean_first': False, 'cmake_force_configure': False, 'cmake_target': None, 'cmake_target_skip_unavailable': False, 'install_base': '/home/ubuntu/ros2_px4_ws/install/px4_msgs', 'merge_install': False, 'path': '/home/ubuntu/ros2_px4_ws/src/px4_msgs', 'symlink_install': False, 'test_result_base': None}
[0.628s] Level 5:colcon.colcon_core.verb:set package 'px4_ros_com' build argument 'cmake_args' from command line to 'None'
[0.628s] Level 5:colcon.colcon_core.verb:set package 'px4_ros_com' build argument 'cmake_target' from command line to 'None'
[0.628s] Level 5:colcon.colcon_core.verb:set package 'px4_ros_com' build argument 'cmake_target_skip_unavailable' from command line to 'False'
[0.628s] Level 5:colcon.colcon_core.verb:set package 'px4_ros_com' build argument 'cmake_clean_cache' from command line to 'False'
[0.628s] Level 5:colcon.colcon_core.verb:set package 'px4_ros_com' build argument 'cmake_clean_first' from command line to 'False'
[0.628s] Level 5:colcon.colcon_core.verb:set package 'px4_ros_com' build argument 'cmake_force_configure' from command line to 'False'
[0.628s] Level 5:colcon.colcon_core.verb:set package 'px4_ros_com' build argument 'ament_cmake_args' from command line to 'None'
[0.628s] Level 5:colcon.colcon_core.verb:set package 'px4_ros_com' build argument 'catkin_cmake_args' from command line to 'None'
[0.628s] Level 5:colcon.colcon_core.verb:set package 'px4_ros_com' build argument 'catkin_skip_building_tests' from command line to 'False'
[0.628s] DEBUG:colcon.colcon_core.verb:Building package 'px4_ros_com' with the following arguments: {'ament_cmake_args': None, 'build_base': '/home/ubuntu/ros2_px4_ws/build/px4_ros_com', 'catkin_cmake_args': None, 'catkin_skip_building_tests': False, 'cmake_args': None, 'cmake_clean_cache': False, 'cmake_clean_first': False, 'cmake_force_configure': False, 'cmake_target': None, 'cmake_target_skip_unavailable': False, 'install_base': '/home/ubuntu/ros2_px4_ws/install/px4_ros_com', 'merge_install': False, 'path': '/home/ubuntu/ros2_px4_ws/src/px4_ros_com', 'symlink_install': False, 'test_result_base': None}
[0.629s] INFO:colcon.colcon_core.executor:Executing jobs using 'parallel' executor
[0.631s] DEBUG:colcon.colcon_parallel_executor.executor.parallel:run_until_complete
[0.631s] INFO:colcon.colcon_ros.task.ament_cmake.build:Building ROS package in '/home/ubuntu/ros2_px4_ws/src/px4_msgs' with build type 'ament_cmake'
[0.631s] INFO:colcon.colcon_cmake.task.cmake.build:Building CMake package in '/home/ubuntu/ros2_px4_ws/src/px4_msgs'
[0.635s] INFO:colcon.colcon_core.plugin_system:Skipping extension 'colcon_core.shell.bat': Not used on non-Windows systems
[0.635s] INFO:colcon.colcon_core.shell:Skip shell extension 'powershell' for command environment: Not usable outside of PowerShell
[0.635s] DEBUG:colcon.colcon_core.shell:Skip shell extension 'dsv' for command environment
[0.647s] DEBUG:colcon.colcon_core.event_handler.log_command:Invoking command in '/home/ubuntu/ros2_px4_ws/build/px4_msgs': CMAKE_PREFIX_PATH=/opt/ros/humble /usr/bin/cmake /home/ubuntu/ros2_px4_ws/src/px4_msgs -DCMAKE_INSTALL_PREFIX=/home/ubuntu/ros2_px4_ws/install/px4_msgs
[7.461s] DEBUG:colcon.colcon_core.event_handler.log_command:Invoked command in '/home/ubuntu/ros2_px4_ws/build/px4_msgs' returned '0': CMAKE_PREFIX_PATH=/opt/ros/humble /usr/bin/cmake /home/ubuntu/ros2_px4_ws/src/px4_msgs -DCMAKE_INSTALL_PREFIX=/home/ubuntu/ros2_px4_ws/install/px4_msgs
[7.462s] DEBUG:colcon.colcon_core.event_handler.log_command:Invoking command in '/home/ubuntu/ros2_px4_ws/build/px4_msgs': CMAKE_PREFIX_PATH=/opt/ros/humble /usr/bin/cmake --build /home/ubuntu/ros2_px4_ws/build/px4_msgs -- -j2 -l2
[1404.029s] DEBUG:colcon.colcon_core.event_handler.log_command:Invoked command in '/home/ubuntu/ros2_px4_ws/build/px4_msgs' returned '0': CMAKE_PREFIX_PATH=/opt/ros/humble /usr/bin/cmake --build /home/ubuntu/ros2_px4_ws/build/px4_msgs -- -j2 -l2
[1404.046s] DEBUG:colcon.colcon_core.event_handler.log_command:Invoking command in '/home/ubuntu/ros2_px4_ws/build/px4_msgs': CMAKE_PREFIX_PATH=/opt/ros/humble /usr/bin/cmake --install /home/ubuntu/ros2_px4_ws/build/px4_msgs
[1406.749s] Level 1:colcon.colcon_core.environment:create_environment_scripts_only(px4_msgs)
[1406.750s] DEBUG:colcon.colcon_core.event_handler.log_command:Invoked command in '/home/ubuntu/ros2_px4_ws/build/px4_msgs' returned '0': CMAKE_PREFIX_PATH=/opt/ros/humble /usr/bin/cmake --install /home/ubuntu/ros2_px4_ws/build/px4_msgs
[1406.754s] Level 1:colcon.colcon_core.environment:checking '/home/ubuntu/ros2_px4_ws/install/px4_msgs' for CMake module files
[1406.756s] Level 1:colcon.colcon_core.environment:checking '/home/ubuntu/ros2_px4_ws/install/px4_msgs' for CMake config files
[1406.766s] Level 1:colcon.colcon_core.shell:create_environment_hook('px4_msgs', 'cmake_prefix_path')
[1406.767s] INFO:colcon.colcon_core.shell:Creating environment hook '/home/ubuntu/ros2_px4_ws/install/px4_msgs/share/px4_msgs/hook/cmake_prefix_path.ps1'
[1406.769s] INFO:colcon.colcon_core.shell:Creating environment descriptor '/home/ubuntu/ros2_px4_ws/install/px4_msgs/share/px4_msgs/hook/cmake_prefix_path.dsv'
[1406.769s] INFO:colcon.colcon_core.shell:Creating environment hook '/home/ubuntu/ros2_px4_ws/install/px4_msgs/share/px4_msgs/hook/cmake_prefix_path.sh'
[1406.771s] Level 1:colcon.colcon_core.environment:checking '/home/ubuntu/ros2_px4_ws/install/px4_msgs/lib'
[1406.771s] Level 1:colcon.colcon_core.shell:create_environment_hook('px4_msgs', 'ld_library_path_lib')
[1406.772s] INFO:colcon.colcon_core.shell:Creating environment hook '/home/ubuntu/ros2_px4_ws/install/px4_msgs/share/px4_msgs/hook/ld_library_path_lib.ps1'
[1406.772s] INFO:colcon.colcon_core.shell:Creating environment descriptor '/home/ubuntu/ros2_px4_ws/install/px4_msgs/share/px4_msgs/hook/ld_library_path_lib.dsv'
[1406.773s] INFO:colcon.colcon_core.shell:Creating environment hook '/home/ubuntu/ros2_px4_ws/install/px4_msgs/share/px4_msgs/hook/ld_library_path_lib.sh'
[1406.773s] Level 1:colcon.colcon_core.environment:checking '/home/ubuntu/ros2_px4_ws/install/px4_msgs/bin'
[1406.773s] Level 1:colcon.colcon_core.environment:checking '/home/ubuntu/ros2_px4_ws/install/px4_msgs/lib/pkgconfig/px4_msgs.pc'
[1406.774s] Level 1:colcon.colcon_core.environment:checking '/home/ubuntu/ros2_px4_ws/install/px4_msgs/lib/python3.10/site-packages'
[1406.774s] Level 1:colcon.colcon_core.environment:checking '/home/ubuntu/ros2_px4_ws/install/px4_msgs/bin'
[1406.776s] INFO:colcon.colcon_core.shell:Creating package script '/home/ubuntu/ros2_px4_ws/install/px4_msgs/share/px4_msgs/package.ps1'
[1406.777s] INFO:colcon.colcon_core.shell:Creating package descriptor '/home/ubuntu/ros2_px4_ws/install/px4_msgs/share/px4_msgs/package.dsv'
[1406.777s] INFO:colcon.colcon_core.shell:Creating package script '/home/ubuntu/ros2_px4_ws/install/px4_msgs/share/px4_msgs/package.sh'
[1406.778s] INFO:colcon.colcon_core.shell:Creating package script '/home/ubuntu/ros2_px4_ws/install/px4_msgs/share/px4_msgs/package.bash'
[1406.780s] INFO:colcon.colcon_core.shell:Creating package script '/home/ubuntu/ros2_px4_ws/install/px4_msgs/share/px4_msgs/package.zsh'
[1406.781s] Level 1:colcon.colcon_core.environment:create_file_with_runtime_dependencies(/home/ubuntu/ros2_px4_ws/install/px4_msgs/share/colcon-core/packages/px4_msgs)
[1406.782s] Level 1:colcon.colcon_core.environment:create_environment_scripts_only(px4_msgs)
[1406.784s] Level 1:colcon.colcon_core.environment:checking '/home/ubuntu/ros2_px4_ws/install/px4_msgs' for CMake module files
[1406.784s] Level 1:colcon.colcon_core.environment:checking '/home/ubuntu/ros2_px4_ws/install/px4_msgs' for CMake config files
[1406.792s] Level 1:colcon.colcon_core.shell:create_environment_hook('px4_msgs', 'cmake_prefix_path')
[1406.793s] INFO:colcon.colcon_core.shell:Creating environment hook '/home/ubuntu/ros2_px4_ws/install/px4_msgs/share/px4_msgs/hook/cmake_prefix_path.ps1'
[1406.793s] INFO:colcon.colcon_core.shell:Creating environment descriptor '/home/ubuntu/ros2_px4_ws/install/px4_msgs/share/px4_msgs/hook/cmake_prefix_path.dsv'
[1406.794s] INFO:colcon.colcon_core.shell:Creating environment hook '/home/ubuntu/ros2_px4_ws/install/px4_msgs/share/px4_msgs/hook/cmake_prefix_path.sh'
[1406.795s] Level 1:colcon.colcon_core.environment:checking '/home/ubuntu/ros2_px4_ws/install/px4_msgs/lib'
[1406.795s] Level 1:colcon.colcon_core.shell:create_environment_hook('px4_msgs', 'ld_library_path_lib')
[1406.796s] INFO:colcon.colcon_core.shell:Creating environment hook '/home/ubuntu/ros2_px4_ws/install/px4_msgs/share/px4_msgs/hook/ld_library_path_lib.ps1'
[1406.796s] INFO:colcon.colcon_core.shell:Creating environment descriptor '/home/ubuntu/ros2_px4_ws/install/px4_msgs/share/px4_msgs/hook/ld_library_path_lib.dsv'
[1406.796s] INFO:colcon.colcon_core.shell:Creating environment hook '/home/ubuntu/ros2_px4_ws/install/px4_msgs/share/px4_msgs/hook/ld_library_path_lib.sh'
[1406.797s] Level 1:colcon.colcon_core.environment:checking '/home/ubuntu/ros2_px4_ws/install/px4_msgs/bin'
[1406.797s] Level 1:colcon.colcon_core.environment:checking '/home/ubuntu/ros2_px4_ws/install/px4_msgs/lib/pkgconfig/px4_msgs.pc'
[1406.797s] Level 1:colcon.colcon_core.environment:checking '/home/ubuntu/ros2_px4_ws/install/px4_msgs/lib/python3.10/site-packages'
[1406.798s] Level 1:colcon.colcon_core.environment:checking '/home/ubuntu/ros2_px4_ws/install/px4_msgs/bin'
[1406.798s] INFO:colcon.colcon_core.shell:Creating package script '/home/ubuntu/ros2_px4_ws/install/px4_msgs/share/px4_msgs/package.ps1'
[1406.800s] INFO:colcon.colcon_core.shell:Creating package descriptor '/home/ubuntu/ros2_px4_ws/install/px4_msgs/share/px4_msgs/package.dsv'
[1406.800s] INFO:colcon.colcon_core.shell:Creating package script '/home/ubuntu/ros2_px4_ws/install/px4_msgs/share/px4_msgs/package.sh'
[1406.801s] INFO:colcon.colcon_core.shell:Creating package script '/home/ubuntu/ros2_px4_ws/install/px4_msgs/share/px4_msgs/package.bash'
[1406.801s] INFO:colcon.colcon_core.shell:Creating package script '/home/ubuntu/ros2_px4_ws/install/px4_msgs/share/px4_msgs/package.zsh'
[1406.803s] Level 1:colcon.colcon_core.environment:create_file_with_runtime_dependencies(/home/ubuntu/ros2_px4_ws/install/px4_msgs/share/colcon-core/packages/px4_msgs)
[1406.804s] INFO:colcon.colcon_ros.task.ament_cmake.build:Building ROS package in '/home/ubuntu/ros2_px4_ws/src/px4_ros_com' with build type 'ament_cmake'
[1406.804s] INFO:colcon.colcon_cmake.task.cmake.build:Building CMake package in '/home/ubuntu/ros2_px4_ws/src/px4_ros_com'
[1406.804s] INFO:colcon.colcon_core.shell:Skip shell extension 'powershell' for command environment: Not usable outside of PowerShell
[1406.804s] DEBUG:colcon.colcon_core.shell:Skip shell extension 'dsv' for command environment
[1406.826s] DEBUG:colcon.colcon_core.event_handler.log_command:Invoking command in '/home/ubuntu/ros2_px4_ws/build/px4_ros_com': AMENT_PREFIX_PATH=/home/ubuntu/ros2_px4_ws/install/px4_msgs:${AMENT_PREFIX_PATH} CMAKE_PREFIX_PATH=/home/ubuntu/ros2_px4_ws/install/px4_msgs:/opt/ros/humble LD_LIBRARY_PATH=/home/ubuntu/ros2_px4_ws/install/px4_msgs/lib:${LD_LIBRARY_PATH} PYTHONPATH=/home/ubuntu/ros2_px4_ws/install/px4_msgs/local/lib/python3.10/dist-packages:${PYTHONPATH} /usr/bin/cmake /home/ubuntu/ros2_px4_ws/src/px4_ros_com -DCMAKE_INSTALL_PREFIX=/home/ubuntu/ros2_px4_ws/install/px4_ros_com
[1409.136s] DEBUG:colcon.colcon_core.event_handler.log_command:Invoked command in '/home/ubuntu/ros2_px4_ws/build/px4_ros_com' returned '0': AMENT_PREFIX_PATH=/home/ubuntu/ros2_px4_ws/install/px4_msgs:${AMENT_PREFIX_PATH} CMAKE_PREFIX_PATH=/home/ubuntu/ros2_px4_ws/install/px4_msgs:/opt/ros/humble LD_LIBRARY_PATH=/home/ubuntu/ros2_px4_ws/install/px4_msgs/lib:${LD_LIBRARY_PATH} PYTHONPATH=/home/ubuntu/ros2_px4_ws/install/px4_msgs/local/lib/python3.10/dist-packages:${PYTHONPATH} /usr/bin/cmake /home/ubuntu/ros2_px4_ws/src/px4_ros_com -DCMAKE_INSTALL_PREFIX=/home/ubuntu/ros2_px4_ws/install/px4_ros_com
[1409.137s] DEBUG:colcon.colcon_core.event_handler.log_command:Invoking command in '/home/ubuntu/ros2_px4_ws/build/px4_ros_com': AMENT_PREFIX_PATH=/home/ubuntu/ros2_px4_ws/install/px4_msgs:${AMENT_PREFIX_PATH} CMAKE_PREFIX_PATH=/home/ubuntu/ros2_px4_ws/install/px4_msgs:/opt/ros/humble LD_LIBRARY_PATH=/home/ubuntu/ros2_px4_ws/install/px4_msgs/lib:${LD_LIBRARY_PATH} PYTHONPATH=/home/ubuntu/ros2_px4_ws/install/px4_msgs/local/lib/python3.10/dist-packages:${PYTHONPATH} /usr/bin/cmake --build /home/ubuntu/ros2_px4_ws/build/px4_ros_com -- -j2 -l2
[1485.256s] DEBUG:colcon.colcon_core.event_handler.log_command:Invoked command in '/home/ubuntu/ros2_px4_ws/build/px4_ros_com' returned '0': AMENT_PREFIX_PATH=/home/ubuntu/ros2_px4_ws/install/px4_msgs:${AMENT_PREFIX_PATH} CMAKE_PREFIX_PATH=/home/ubuntu/ros2_px4_ws/install/px4_msgs:/opt/ros/humble LD_LIBRARY_PATH=/home/ubuntu/ros2_px4_ws/install/px4_msgs/lib:${LD_LIBRARY_PATH} PYTHONPATH=/home/ubuntu/ros2_px4_ws/install/px4_msgs/local/lib/python3.10/dist-packages:${PYTHONPATH} /usr/bin/cmake --build /home/ubuntu/ros2_px4_ws/build/px4_ros_com -- -j2 -l2
[1485.260s] DEBUG:colcon.colcon_core.event_handler.log_command:Invoking command in '/home/ubuntu/ros2_px4_ws/build/px4_ros_com': AMENT_PREFIX_PATH=/home/ubuntu/ros2_px4_ws/install/px4_msgs:${AMENT_PREFIX_PATH} CMAKE_PREFIX_PATH=/home/ubuntu/ros2_px4_ws/install/px4_msgs:/opt/ros/humble LD_LIBRARY_PATH=/home/ubuntu/ros2_px4_ws/install/px4_msgs/lib:${LD_LIBRARY_PATH} PYTHONPATH=/home/ubuntu/ros2_px4_ws/install/px4_msgs/local/lib/python3.10/dist-packages:${PYTHONPATH} /usr/bin/cmake --install /home/ubuntu/ros2_px4_ws/build/px4_ros_com
[1485.393s] Level 1:colcon.colcon_core.environment:create_environment_scripts_only(px4_ros_com)
[1485.394s] Level 1:colcon.colcon_core.environment:checking '/home/ubuntu/ros2_px4_ws/install/px4_ros_com' for CMake module files
[1485.396s] DEBUG:colcon.colcon_core.event_handler.log_command:Invoked command in '/home/ubuntu/ros2_px4_ws/build/px4_ros_com' returned '0': AMENT_PREFIX_PATH=/home/ubuntu/ros2_px4_ws/install/px4_msgs:${AMENT_PREFIX_PATH} CMAKE_PREFIX_PATH=/home/ubuntu/ros2_px4_ws/install/px4_msgs:/opt/ros/humble LD_LIBRARY_PATH=/home/ubuntu/ros2_px4_ws/install/px4_msgs/lib:${LD_LIBRARY_PATH} PYTHONPATH=/home/ubuntu/ros2_px4_ws/install/px4_msgs/local/lib/python3.10/dist-packages:${PYTHONPATH} /usr/bin/cmake --install /home/ubuntu/ros2_px4_ws/build/px4_ros_com
[1485.396s] Level 1:colcon.colcon_core.environment:checking '/home/ubuntu/ros2_px4_ws/install/px4_ros_com' for CMake config files
[1485.397s] Level 1:colcon.colcon_core.shell:create_environment_hook('px4_ros_com', 'cmake_prefix_path')
[1485.397s] INFO:colcon.colcon_core.shell:Creating environment hook '/home/ubuntu/ros2_px4_ws/install/px4_ros_com/share/px4_ros_com/hook/cmake_prefix_path.ps1'
[1485.399s] INFO:colcon.colcon_core.shell:Creating environment descriptor '/home/ubuntu/ros2_px4_ws/install/px4_ros_com/share/px4_ros_com/hook/cmake_prefix_path.dsv'
[1485.399s] INFO:colcon.colcon_core.shell:Creating environment hook '/home/ubuntu/ros2_px4_ws/install/px4_ros_com/share/px4_ros_com/hook/cmake_prefix_path.sh'
[1485.400s] Level 1:colcon.colcon_core.environment:checking '/home/ubuntu/ros2_px4_ws/install/px4_ros_com/lib'
[1485.400s] Level 1:colcon.colcon_core.shell:create_environment_hook('px4_ros_com', 'ld_library_path_lib')
[1485.401s] INFO:colcon.colcon_core.shell:Creating environment hook '/home/ubuntu/ros2_px4_ws/install/px4_ros_com/share/px4_ros_com/hook/ld_library_path_lib.ps1'
[1485.401s] INFO:colcon.colcon_core.shell:Creating environment descriptor '/home/ubuntu/ros2_px4_ws/install/px4_ros_com/share/px4_ros_com/hook/ld_library_path_lib.dsv'
[1485.401s] INFO:colcon.colcon_core.shell:Creating environment hook '/home/ubuntu/ros2_px4_ws/install/px4_ros_com/share/px4_ros_com/hook/ld_library_path_lib.sh'
[1485.402s] Level 1:colcon.colcon_core.environment:checking '/home/ubuntu/ros2_px4_ws/install/px4_ros_com/bin'
[1485.403s] Level 1:colcon.colcon_core.environment:checking '/home/ubuntu/ros2_px4_ws/install/px4_ros_com/lib/pkgconfig/px4_ros_com.pc'
[1485.403s] Level 1:colcon.colcon_core.environment:checking '/home/ubuntu/ros2_px4_ws/install/px4_ros_com/lib/python3.10/site-packages'
[1485.404s] Level 1:colcon.colcon_core.environment:checking '/home/ubuntu/ros2_px4_ws/install/px4_ros_com/bin'
[1485.404s] INFO:colcon.colcon_core.shell:Creating package script '/home/ubuntu/ros2_px4_ws/install/px4_ros_com/share/px4_ros_com/package.ps1'
[1485.405s] INFO:colcon.colcon_core.shell:Creating package descriptor '/home/ubuntu/ros2_px4_ws/install/px4_ros_com/share/px4_ros_com/package.dsv'
[1485.405s] INFO:colcon.colcon_core.shell:Creating package script '/home/ubuntu/ros2_px4_ws/install/px4_ros_com/share/px4_ros_com/package.sh'
[1485.406s] INFO:colcon.colcon_core.shell:Creating package script '/home/ubuntu/ros2_px4_ws/install/px4_ros_com/share/px4_ros_com/package.bash'
[1485.406s] INFO:colcon.colcon_core.shell:Creating package script '/home/ubuntu/ros2_px4_ws/install/px4_ros_com/share/px4_ros_com/package.zsh'
[1485.407s] Level 1:colcon.colcon_core.environment:create_file_with_runtime_dependencies(/home/ubuntu/ros2_px4_ws/install/px4_ros_com/share/colcon-core/packages/px4_ros_com)
[1485.408s] Level 1:colcon.colcon_core.environment:create_environment_scripts_only(px4_ros_com)
[1485.408s] Level 1:colcon.colcon_core.environment:checking '/home/ubuntu/ros2_px4_ws/install/px4_ros_com' for CMake module files
[1485.409s] Level 1:colcon.colcon_core.environment:checking '/home/ubuntu/ros2_px4_ws/install/px4_ros_com' for CMake config files
[1485.409s] Level 1:colcon.colcon_core.shell:create_environment_hook('px4_ros_com', 'cmake_prefix_path')
[1485.409s] INFO:colcon.colcon_core.shell:Creating environment hook '/home/ubuntu/ros2_px4_ws/install/px4_ros_com/share/px4_ros_com/hook/cmake_prefix_path.ps1'
[1485.410s] INFO:colcon.colcon_core.shell:Creating environment descriptor '/home/ubuntu/ros2_px4_ws/install/px4_ros_com/share/px4_ros_com/hook/cmake_prefix_path.dsv'
[1485.410s] INFO:colcon.colcon_core.shell:Creating environment hook '/home/ubuntu/ros2_px4_ws/install/px4_ros_com/share/px4_ros_com/hook/cmake_prefix_path.sh'
[1485.412s] Level 1:colcon.colcon_core.environment:checking '/home/ubuntu/ros2_px4_ws/install/px4_ros_com/lib'
[1485.412s] Level 1:colcon.colcon_core.shell:create_environment_hook('px4_ros_com', 'ld_library_path_lib')
[1485.412s] INFO:colcon.colcon_core.shell:Creating environment hook '/home/ubuntu/ros2_px4_ws/install/px4_ros_com/share/px4_ros_com/hook/ld_library_path_lib.ps1'
[1485.413s] INFO:colcon.colcon_core.shell:Creating environment descriptor '/home/ubuntu/ros2_px4_ws/install/px4_ros_com/share/px4_ros_com/hook/ld_library_path_lib.dsv'
[1485.413s] INFO:colcon.colcon_core.shell:Creating environment hook '/home/ubuntu/ros2_px4_ws/install/px4_ros_com/share/px4_ros_com/hook/ld_library_path_lib.sh'
[1485.413s] Level 1:colcon.colcon_core.environment:checking '/home/ubuntu/ros2_px4_ws/install/px4_ros_com/bin'
[1485.414s] Level 1:colcon.colcon_core.environment:checking '/home/ubuntu/ros2_px4_ws/install/px4_ros_com/lib/pkgconfig/px4_ros_com.pc'
[1485.414s] Level 1:colcon.colcon_core.environment:checking '/home/ubuntu/ros2_px4_ws/install/px4_ros_com/lib/python3.10/site-packages'
[1485.414s] Level 1:colcon.colcon_core.environment:checking '/home/ubuntu/ros2_px4_ws/install/px4_ros_com/bin'
[1485.415s] INFO:colcon.colcon_core.shell:Creating package script '/home/ubuntu/ros2_px4_ws/install/px4_ros_com/share/px4_ros_com/package.ps1'
[1485.416s] INFO:colcon.colcon_core.shell:Creating package descriptor '/home/ubuntu/ros2_px4_ws/install/px4_ros_com/share/px4_ros_com/package.dsv'
[1485.417s] INFO:colcon.colcon_core.shell:Creating package script '/home/ubuntu/ros2_px4_ws/install/px4_ros_com/share/px4_ros_com/package.sh'
[1485.418s] INFO:colcon.colcon_core.shell:Creating package script '/home/ubuntu/ros2_px4_ws/install/px4_ros_com/share/px4_ros_com/package.bash'
[1485.418s] INFO:colcon.colcon_core.shell:Creating package script '/home/ubuntu/ros2_px4_ws/install/px4_ros_com/share/px4_ros_com/package.zsh'
[1485.419s] Level 1:colcon.colcon_core.environment:create_file_with_runtime_dependencies(/home/ubuntu/ros2_px4_ws/install/px4_ros_com/share/colcon-core/packages/px4_ros_com)
[1485.419s] DEBUG:colcon.colcon_parallel_executor.executor.parallel:closing loop
[1485.419s] DEBUG:colcon.colcon_parallel_executor.executor.parallel:loop closed
[1485.419s] DEBUG:colcon.colcon_parallel_executor.executor.parallel:run_until_complete finished with '0'
[1485.419s] DEBUG:colcon.colcon_core.event_reactor:joining thread
[1485.428s] INFO:colcon.colcon_core.plugin_system:Skipping extension 'colcon_notification.desktop_notification.terminal_notifier': Not used on non-Darwin systems
[1485.428s] INFO:colcon.colcon_core.plugin_system:Skipping extension 'colcon_notification.desktop_notification.win32': Not used on non-Windows systems
[1485.428s] INFO:colcon.colcon_notification.desktop_notification:Sending desktop notification using 'notify2'
[1485.556s] DEBUG:colcon.colcon_core.event_reactor:joined thread
[1485.557s] INFO:colcon.colcon_core.shell:Creating prefix script '/home/ubuntu/ros2_px4_ws/install/local_setup.ps1'
[1485.562s] INFO:colcon.colcon_core.shell:Creating prefix util module '/home/ubuntu/ros2_px4_ws/install/_local_setup_util_ps1.py'
[1485.567s] INFO:colcon.colcon_core.shell:Creating prefix chain script '/home/ubuntu/ros2_px4_ws/install/setup.ps1'
[1485.572s] INFO:colcon.colcon_core.shell:Creating prefix script '/home/ubuntu/ros2_px4_ws/install/local_setup.sh'
[1485.575s] INFO:colcon.colcon_core.shell:Creating prefix util module '/home/ubuntu/ros2_px4_ws/install/_local_setup_util_sh.py'
[1485.576s] INFO:colcon.colcon_core.shell:Creating prefix chain script '/home/ubuntu/ros2_px4_ws/install/setup.sh'
[1485.580s] INFO:colcon.colcon_core.shell:Creating prefix script '/home/ubuntu/ros2_px4_ws/install/local_setup.bash'
[1485.581s] INFO:colcon.colcon_core.shell:Creating prefix chain script '/home/ubuntu/ros2_px4_ws/install/setup.bash'
[1485.584s] INFO:colcon.colcon_core.shell:Creating prefix script '/home/ubuntu/ros2_px4_ws/install/local_setup.zsh'
[1485.585s] INFO:colcon.colcon_core.shell:Creating prefix chain script '/home/ubuntu/ros2_px4_ws/install/setup.zsh'
