[0.020s] Invoking command in '/home/ubuntu/ros2_px4_ws/build/px4_ros_com': AMENT_PREFIX_PATH=/home/ubuntu/ros2_px4_ws/install/px4_msgs:${AMENT_PREFIX_PATH} CMAKE_PREFIX_PATH=/home/ubuntu/ros2_px4_ws/install/px4_msgs:/opt/ros/humble LD_LIBRARY_PATH=/home/ubuntu/ros2_px4_ws/install/px4_msgs/lib:${LD_LIBRARY_PATH} PYTHONPATH=/home/ubuntu/ros2_px4_ws/install/px4_msgs/local/lib/python3.10/dist-packages:${PYTHONPATH} /usr/bin/cmake /home/ubuntu/ros2_px4_ws/src/px4_ros_com -DCMAKE_INSTALL_PREFIX=/home/ubuntu/ros2_px4_ws/install/px4_ros_com
[0.111s] -- The C compiler identification is GNU 11.4.0
[0.209s] -- The CXX compiler identification is GNU 11.4.0
[0.222s] -- Detecting C compiler ABI info
[0.350s] -- Detecting C compiler ABI info - done
[0.367s] -- Check for working C compiler: /usr/bin/cc - skipped
[0.368s] -- Detecting C compile features
[0.368s] -- Detecting C compile features - done
[0.374s] -- Detecting CXX compiler ABI info
[0.524s] -- Detecting CXX compiler ABI info - done
[0.542s] -- Check for working CXX compiler: /usr/bin/c++ - skipped
[0.543s] -- Detecting CXX compile features
[0.544s] -- Detecting CXX compile features - done
[0.548s] -- Found ament_cmake: 1.3.11 (/opt/ros/humble/share/ament_cmake/cmake)
[0.849s] -- Found Python3: /usr/bin/python3 (found version "3.10.12") found components: Interpreter 
[1.011s] -- Found builtin_interfaces: 1.2.1 (/opt/ros/humble/share/builtin_interfaces/cmake)
[1.067s] -- Found rosidl_generator_c: 3.1.6 (/opt/ros/humble/share/rosidl_generator_c/cmake)
[1.075s] -- Found rosidl_adapter: 3.1.6 (/opt/ros/humble/share/rosidl_adapter/cmake)
[1.089s] -- Found rosidl_generator_cpp: 3.1.6 (/opt/ros/humble/share/rosidl_generator_cpp/cmake)
[1.109s] -- Using all available rosidl_typesupport_c: rosidl_typesupport_fastrtps_c;rosidl_typesupport_introspection_c
[1.139s] -- Using all available rosidl_typesupport_cpp: rosidl_typesupport_fastrtps_cpp;rosidl_typesupport_introspection_cpp
[1.166s] -- Found eigen3_cmake_module: 0.1.1 (/opt/ros/humble/share/eigen3_cmake_module/cmake)
[1.180s] -- Found Eigen3: TRUE (found version "3.4.0") 
[1.181s] -- Found geometry_msgs: 4.8.0 (/opt/ros/humble/share/geometry_msgs/cmake)
[1.230s] -- Found px4_msgs: 2.0.1 (/home/ubuntu/ros2_px4_ws/install/px4_msgs/share/px4_msgs/cmake)
[1.258s] -- Found rclcpp: 16.0.12 (/opt/ros/humble/share/rclcpp/cmake)
[1.318s] -- Found rmw_implementation_cmake: 6.1.2 (/opt/ros/humble/share/rmw_implementation_cmake/cmake)
[1.323s] -- Found rmw_fastrtps_cpp: 6.2.7 (/opt/ros/humble/share/rmw_fastrtps_cpp/cmake)
[1.470s] -- Found OpenSSL: /usr/lib/x86_64-linux-gnu/libcrypto.so (found version "3.0.2")  
[1.511s] -- Found FastRTPS: /opt/ros/humble/include  
[1.592s] -- Using RMW implementation 'rmw_fastrtps_cpp' as default
[1.605s] -- Looking for pthread.h
[1.731s] -- Looking for pthread.h - found
[1.734s] -- Performing Test CMAKE_HAVE_LIBC_PTHREAD
[1.891s] -- Performing Test CMAKE_HAVE_LIBC_PTHREAD - Success
[1.893s] -- Found Threads: TRUE  
[1.968s] -- Found sensor_msgs: 4.8.0 (/opt/ros/humble/share/sensor_msgs/cmake)
[2.005s] -- Found rclpy: 3.3.16 (/opt/ros/humble/share/rclpy/cmake)
[2.020s] -- Found ament_lint_auto: 0.12.12 (/opt/ros/humble/share/ament_lint_auto/cmake)
[2.207s] -- Added test 'copyright' to check source files copyright and LICENSE
[2.214s] -- Added test 'cppcheck' to perform static code analysis on C / C++ code
[2.216s] -- Configured cppcheck include dirs: /home/ubuntu/ros2_px4_ws/src/px4_ros_com/include;$<BUILD_INTERFACE:/home/ubuntu/ros2_px4_ws/src/px4_ros_com/include/px4_ros_com>
[2.216s] -- Configured cppcheck exclude dirs and/or files: 
[2.223s] -- Added test 'cpplint' to check C / C++ code against the Google style
[2.223s] -- Configured cpplint exclude dirs and/or files: 
[2.226s] -- Added test 'flake8' to check Python code syntax and style conventions
[2.227s] -- Added test 'lint_cmake' to check CMake code style
[2.230s] -- Added test 'pep257' to check Python code against some of the docstring style conventions in PEP 257
[2.238s] -- Added test 'uncrustify' to check C / C++ code style
[2.238s] -- Configured uncrustify additional arguments: 
[2.239s] -- Added test 'xmllint' to check XML markup files
[2.244s] -- Configuring done
[2.296s] -- Generating done
[2.310s] -- Build files have been written to: /home/ubuntu/ros2_px4_ws/build/px4_ros_com
[2.330s] Invoked command in '/home/ubuntu/ros2_px4_ws/build/px4_ros_com' returned '0': AMENT_PREFIX_PATH=/home/ubuntu/ros2_px4_ws/install/px4_msgs:${AMENT_PREFIX_PATH} CMAKE_PREFIX_PATH=/home/ubuntu/ros2_px4_ws/install/px4_msgs:/opt/ros/humble LD_LIBRARY_PATH=/home/ubuntu/ros2_px4_ws/install/px4_msgs/lib:${LD_LIBRARY_PATH} PYTHONPATH=/home/ubuntu/ros2_px4_ws/install/px4_msgs/local/lib/python3.10/dist-packages:${PYTHONPATH} /usr/bin/cmake /home/ubuntu/ros2_px4_ws/src/px4_ros_com -DCMAKE_INSTALL_PREFIX=/home/ubuntu/ros2_px4_ws/install/px4_ros_com
[2.331s] Invoking command in '/home/ubuntu/ros2_px4_ws/build/px4_ros_com': AMENT_PREFIX_PATH=/home/ubuntu/ros2_px4_ws/install/px4_msgs:${AMENT_PREFIX_PATH} CMAKE_PREFIX_PATH=/home/ubuntu/ros2_px4_ws/install/px4_msgs:/opt/ros/humble LD_LIBRARY_PATH=/home/ubuntu/ros2_px4_ws/install/px4_msgs/lib:${LD_LIBRARY_PATH} PYTHONPATH=/home/ubuntu/ros2_px4_ws/install/px4_msgs/local/lib/python3.10/dist-packages:${PYTHONPATH} /usr/bin/cmake --build /home/ubuntu/ros2_px4_ws/build/px4_ros_com -- -j2 -l2
[2.407s] [  8%] [32mBuilding CXX object CMakeFiles/frame_transforms.dir/src/lib/frame_transforms.cpp.o[0m
[15.475s] [ 16%] [32m[1mLinking CXX shared library libframe_transforms.so[0m
[15.984s] [ 16%] Built target frame_transforms
[16.022s] [ 25%] [32mBuilding CXX object CMakeFiles/sensor_combined_listener.dir/src/examples/listeners/sensor_combined_listener.cpp.o[0m
[30.730s] [ 33%] [32m[1mLinking CXX executable sensor_combined_listener[0m
[31.445s] [ 33%] Built target sensor_combined_listener
[31.482s] [ 41%] [32mBuilding CXX object CMakeFiles/vehicle_gps_position_listener.dir/src/examples/listeners/vehicle_gps_position_listener.cpp.o[0m
[47.103s] [ 50%] [32m[1mLinking CXX executable vehicle_gps_position_listener[0m
[47.820s] [ 50%] Built target vehicle_gps_position_listener
[47.859s] [ 58%] [32mBuilding CXX object CMakeFiles/debug_vect_advertiser.dir/src/examples/advertisers/debug_vect_advertiser.cpp.o[0m
[55.937s] [ 66%] [32m[1mLinking CXX executable debug_vect_advertiser[0m
[56.299s] [ 66%] Built target debug_vect_advertiser
[56.341s] [ 75%] [32mBuilding CXX object CMakeFiles/offboard_control.dir/src/examples/offboard/offboard_control.cpp.o[0m
[65.808s] [ 83%] [32m[1mLinking CXX executable offboard_control[0m
[66.258s] [ 83%] Built target offboard_control
[66.293s] [ 91%] [32mBuilding CXX object CMakeFiles/offboard_control_srv.dir/src/examples/offboard/offboard_control_srv.cpp.o[0m
[77.377s] [100%] [32m[1mLinking CXX executable offboard_control_srv[0m
[77.845s] [100%] Built target offboard_control_srv
[77.900s] [100%] Built target ament_cmake_python_copy_px4_ros_com
[78.354s] running egg_info
[78.356s] creating px4_ros_com.egg-info
[78.356s] writing px4_ros_com.egg-info/PKG-INFO
[78.356s] writing dependency_links to px4_ros_com.egg-info/dependency_links.txt
[78.359s] writing top-level names to px4_ros_com.egg-info/top_level.txt
[78.359s] writing manifest file 'px4_ros_com.egg-info/SOURCES.txt'
[78.362s] reading manifest file 'px4_ros_com.egg-info/SOURCES.txt'
[78.363s] writing manifest file 'px4_ros_com.egg-info/SOURCES.txt'
[78.428s] [100%] Built target ament_cmake_python_build_px4_ros_com_egg
[78.450s] Invoked command in '/home/ubuntu/ros2_px4_ws/build/px4_ros_com' returned '0': AMENT_PREFIX_PATH=/home/ubuntu/ros2_px4_ws/install/px4_msgs:${AMENT_PREFIX_PATH} CMAKE_PREFIX_PATH=/home/ubuntu/ros2_px4_ws/install/px4_msgs:/opt/ros/humble LD_LIBRARY_PATH=/home/ubuntu/ros2_px4_ws/install/px4_msgs/lib:${LD_LIBRARY_PATH} PYTHONPATH=/home/ubuntu/ros2_px4_ws/install/px4_msgs/local/lib/python3.10/dist-packages:${PYTHONPATH} /usr/bin/cmake --build /home/ubuntu/ros2_px4_ws/build/px4_ros_com -- -j2 -l2
[78.454s] Invoking command in '/home/ubuntu/ros2_px4_ws/build/px4_ros_com': AMENT_PREFIX_PATH=/home/ubuntu/ros2_px4_ws/install/px4_msgs:${AMENT_PREFIX_PATH} CMAKE_PREFIX_PATH=/home/ubuntu/ros2_px4_ws/install/px4_msgs:/opt/ros/humble LD_LIBRARY_PATH=/home/ubuntu/ros2_px4_ws/install/px4_msgs/lib:${LD_LIBRARY_PATH} PYTHONPATH=/home/ubuntu/ros2_px4_ws/install/px4_msgs/local/lib/python3.10/dist-packages:${PYTHONPATH} /usr/bin/cmake --install /home/ubuntu/ros2_px4_ws/build/px4_ros_com
[78.470s] -- Install configuration: ""
[78.471s] -- Installing: /home/ubuntu/ros2_px4_ws/install/px4_ros_com/lib/px4_ros_com/sensor_combined_listener
[78.477s] -- Set runtime path of "/home/ubuntu/ros2_px4_ws/install/px4_ros_com/lib/px4_ros_com/sensor_combined_listener" to ""
[78.478s] -- Installing: /home/ubuntu/ros2_px4_ws/install/px4_ros_com/lib/px4_ros_com/vehicle_gps_position_listener
[78.483s] -- Set runtime path of "/home/ubuntu/ros2_px4_ws/install/px4_ros_com/lib/px4_ros_com/vehicle_gps_position_listener" to ""
[78.485s] -- Installing: /home/ubuntu/ros2_px4_ws/install/px4_ros_com/lib/px4_ros_com/debug_vect_advertiser
[78.487s] -- Set runtime path of "/home/ubuntu/ros2_px4_ws/install/px4_ros_com/lib/px4_ros_com/debug_vect_advertiser" to ""
[78.487s] -- Installing: /home/ubuntu/ros2_px4_ws/install/px4_ros_com/lib/px4_ros_com/offboard_control
[78.489s] -- Set runtime path of "/home/ubuntu/ros2_px4_ws/install/px4_ros_com/lib/px4_ros_com/offboard_control" to ""
[78.490s] -- Installing: /home/ubuntu/ros2_px4_ws/install/px4_ros_com/lib/px4_ros_com/offboard_control_srv
[78.492s] -- Set runtime path of "/home/ubuntu/ros2_px4_ws/install/px4_ros_com/lib/px4_ros_com/offboard_control_srv" to ""
[78.493s] -- Installing: /home/ubuntu/ros2_px4_ws/install/px4_ros_com/share/px4_ros_com/environment/library_path.sh
[78.493s] -- Installing: /home/ubuntu/ros2_px4_ws/install/px4_ros_com/share/px4_ros_com/environment/library_path.dsv
[78.493s] -- Installing: /home/ubuntu/ros2_px4_ws/install/px4_ros_com/include/px4_ros_com
[78.494s] -- Installing: /home/ubuntu/ros2_px4_ws/install/px4_ros_com/include/px4_ros_com/frame_transforms.h
[78.495s] -- Installing: /home/ubuntu/ros2_px4_ws/install/px4_ros_com/lib/libframe_transforms.so
[78.500s] -- Set runtime path of "/home/ubuntu/ros2_px4_ws/install/px4_ros_com/lib/libframe_transforms.so" to ""
[78.501s] -- Installing: /home/ubuntu/ros2_px4_ws/install/px4_ros_com/share/px4_ros_com//launch
[78.502s] -- Installing: /home/ubuntu/ros2_px4_ws/install/px4_ros_com/share/px4_ros_com//launch/sensor_combined_listener.launch.py
[78.502s] -- Installing: /home/ubuntu/ros2_px4_ws/install/px4_ros_com/share/px4_ros_com//launch/offboard_control_launch.yaml
[78.503s] -- Installing: /home/ubuntu/ros2_px4_ws/install/px4_ros_com/share/px4_ros_com//test
[78.503s] -- Installing: /home/ubuntu/ros2_px4_ws/install/px4_ros_com/share/px4_ros_com//test/test_input.py
[78.503s] -- Installing: /home/ubuntu/ros2_px4_ws/install/px4_ros_com/share/px4_ros_com//test/pipeline_io_test.py
[78.503s] -- Installing: /home/ubuntu/ros2_px4_ws/install/px4_ros_com/share/px4_ros_com//test/test_output.py
[78.503s] -- Installing: /home/ubuntu/ros2_px4_ws/install/px4_ros_com/share/px4_ros_com//test/__init__.py
[78.503s] -- Installing: /home/ubuntu/ros2_px4_ws/install/px4_ros_com/share/px4_ros_com/environment/pythonpath.sh
[78.503s] -- Installing: /home/ubuntu/ros2_px4_ws/install/px4_ros_com/share/px4_ros_com/environment/pythonpath.dsv
[78.503s] -- Installing: /home/ubuntu/ros2_px4_ws/install/px4_ros_com/local/lib/python3.10/dist-packages/px4_ros_com-0.1.0-py3.10.egg-info
[78.503s] -- Installing: /home/ubuntu/ros2_px4_ws/install/px4_ros_com/local/lib/python3.10/dist-packages/px4_ros_com-0.1.0-py3.10.egg-info/dependency_links.txt
[78.504s] -- Installing: /home/ubuntu/ros2_px4_ws/install/px4_ros_com/local/lib/python3.10/dist-packages/px4_ros_com-0.1.0-py3.10.egg-info/SOURCES.txt
[78.504s] -- Installing: /home/ubuntu/ros2_px4_ws/install/px4_ros_com/local/lib/python3.10/dist-packages/px4_ros_com-0.1.0-py3.10.egg-info/top_level.txt
[78.504s] -- Installing: /home/ubuntu/ros2_px4_ws/install/px4_ros_com/local/lib/python3.10/dist-packages/px4_ros_com-0.1.0-py3.10.egg-info/PKG-INFO
[78.504s] -- Installing: /home/ubuntu/ros2_px4_ws/install/px4_ros_com/local/lib/python3.10/dist-packages/px4_ros_com
[78.504s] -- Installing: /home/ubuntu/ros2_px4_ws/install/px4_ros_com/local/lib/python3.10/dist-packages/px4_ros_com/module_to_import.py
[78.504s] -- Installing: /home/ubuntu/ros2_px4_ws/install/px4_ros_com/local/lib/python3.10/dist-packages/px4_ros_com/__init__.py
[78.570s] Listing '/home/ubuntu/ros2_px4_ws/install/px4_ros_com/local/lib/python3.10/dist-packages/px4_ros_com'...
[78.570s] Compiling '/home/ubuntu/ros2_px4_ws/install/px4_ros_com/local/lib/python3.10/dist-packages/px4_ros_com/__init__.py'...
[78.570s] Compiling '/home/ubuntu/ros2_px4_ws/install/px4_ros_com/local/lib/python3.10/dist-packages/px4_ros_com/module_to_import.py'...
[78.579s] -- Installing: /home/ubuntu/ros2_px4_ws/install/px4_ros_com/lib/px4_ros_com/offboard_control.py
[78.580s] -- Installing: /home/ubuntu/ros2_px4_ws/install/px4_ros_com/share/ament_index/resource_index/package_run_dependencies/px4_ros_com
[78.580s] -- Installing: /home/ubuntu/ros2_px4_ws/install/px4_ros_com/share/ament_index/resource_index/parent_prefix_path/px4_ros_com
[78.580s] -- Installing: /home/ubuntu/ros2_px4_ws/install/px4_ros_com/share/px4_ros_com/environment/ament_prefix_path.sh
[78.580s] -- Installing: /home/ubuntu/ros2_px4_ws/install/px4_ros_com/share/px4_ros_com/environment/ament_prefix_path.dsv
[78.581s] -- Installing: /home/ubuntu/ros2_px4_ws/install/px4_ros_com/share/px4_ros_com/environment/path.sh
[78.582s] -- Installing: /home/ubuntu/ros2_px4_ws/install/px4_ros_com/share/px4_ros_com/environment/path.dsv
[78.582s] -- Installing: /home/ubuntu/ros2_px4_ws/install/px4_ros_com/share/px4_ros_com/local_setup.bash
[78.582s] -- Installing: /home/ubuntu/ros2_px4_ws/install/px4_ros_com/share/px4_ros_com/local_setup.sh
[78.582s] -- Installing: /home/ubuntu/ros2_px4_ws/install/px4_ros_com/share/px4_ros_com/local_setup.zsh
[78.582s] -- Installing: /home/ubuntu/ros2_px4_ws/install/px4_ros_com/share/px4_ros_com/local_setup.dsv
[78.582s] -- Installing: /home/ubuntu/ros2_px4_ws/install/px4_ros_com/share/px4_ros_com/package.dsv
[78.584s] -- Installing: /home/ubuntu/ros2_px4_ws/install/px4_ros_com/share/ament_index/resource_index/packages/px4_ros_com
[78.584s] -- Installing: /home/ubuntu/ros2_px4_ws/install/px4_ros_com/share/px4_ros_com/cmake/export_frame_transformsExport.cmake
[78.585s] -- Installing: /home/ubuntu/ros2_px4_ws/install/px4_ros_com/share/px4_ros_com/cmake/export_frame_transformsExport-noconfig.cmake
[78.585s] -- Installing: /home/ubuntu/ros2_px4_ws/install/px4_ros_com/share/px4_ros_com/cmake/ament_cmake_export_dependencies-extras.cmake
[78.586s] -- Installing: /home/ubuntu/ros2_px4_ws/install/px4_ros_com/share/px4_ros_com/cmake/ament_cmake_export_targets-extras.cmake
[78.586s] -- Installing: /home/ubuntu/ros2_px4_ws/install/px4_ros_com/share/px4_ros_com/cmake/ament_cmake_export_include_directories-extras.cmake
[78.586s] -- Installing: /home/ubuntu/ros2_px4_ws/install/px4_ros_com/share/px4_ros_com/cmake/ament_cmake_export_libraries-extras.cmake
[78.586s] -- Installing: /home/ubuntu/ros2_px4_ws/install/px4_ros_com/share/px4_ros_com/cmake/px4_ros_comConfig.cmake
[78.586s] -- Installing: /home/ubuntu/ros2_px4_ws/install/px4_ros_com/share/px4_ros_com/cmake/px4_ros_comConfig-version.cmake
[78.587s] -- Installing: /home/ubuntu/ros2_px4_ws/install/px4_ros_com/share/px4_ros_com/package.xml
[78.590s] Invoked command in '/home/ubuntu/ros2_px4_ws/build/px4_ros_com' returned '0': AMENT_PREFIX_PATH=/home/ubuntu/ros2_px4_ws/install/px4_msgs:${AMENT_PREFIX_PATH} CMAKE_PREFIX_PATH=/home/ubuntu/ros2_px4_ws/install/px4_msgs:/opt/ros/humble LD_LIBRARY_PATH=/home/ubuntu/ros2_px4_ws/install/px4_msgs/lib:${LD_LIBRARY_PATH} PYTHONPATH=/home/ubuntu/ros2_px4_ws/install/px4_msgs/local/lib/python3.10/dist-packages:${PYTHONPATH} /usr/bin/cmake --install /home/ubuntu/ros2_px4_ws/build/px4_ros_com
